<?xml version="1.0" encoding="UTF-8"?>
<!-- Generated by org.testng.reporters.JUnitXMLReporter -->
<testsuite ignored="0" hostname="AQMIT-LPT-10781" failures="2" tests="5" name="CreateRepository" time="0.405" errors="0" timestamp="03 May 2022 11:54:16 GMT">
  <testcase classname="com.github.testCase.AddRepository" name="checkResponseBody" time="0.003"/>
  <testcase classname="com.github.testCase.AddRepository" name="checkResponseCode" time="0.001">
    <failure type="java.lang.AssertionError" message="Response code is not 201. it is 422">
      <![CDATA[java.lang.AssertionError: Response code is not 201. it is 422
at com.github.utils.AssertionUtils.assertForTrue(AssertionUtils.java:34)
at com.github.testCase.AddRepository.checkResponseCode(AddRepository.java:42)
... Removed 26 stack frames]]>
    </failure>
  </testcase> <!-- checkResponseCode -->
  <testcase classname="com.github.testCase.AddRepository" name="checkStatusLine" time="0.001">
    <failure type="java.lang.AssertionError" message="Status line did not match &amp;amp; it is HTTP/1.1 422 Unprocessable Entity">
      <![CDATA[java.lang.AssertionError: Status line did not match & it is HTTP/1.1 422 Unprocessable Entity
at com.github.utils.AssertionUtils.assertForString(AssertionUtils.java:15)
at com.github.testCase.AddRepository.checkStatusLine(AddRepository.java:50)
... Removed 26 stack frames]]>
    </failure>
  </testcase> <!-- checkStatusLine -->
  <testcase classname="com.github.testCase.AddRepository" name="checkContentType" time="0.001"/>
  <testcase classname="com.github.testCase.AddRepository" name="checkResponseTime" time="0.001"/>
</testsuite> <!-- CreateRepository -->
