<?xml version="1.0" encoding="UTF-8"?>
<!-- Generated by org.testng.reporters.JUnitXMLReporter -->
<testsuite ignored="0" hostname="AQMIT-LPT-10781" failures="1" tests="5" name="GetRepository" time="2.223" errors="0" timestamp="03 May 2022 11:54:16 GMT">
  <testcase classname="com.github.testCase.GetRepo" name="checkResponseBody" time="0.01"/>
  <testcase classname="com.github.testCase.GetRepo" name="checkResponseCode" time="0.001"/>
  <testcase classname="com.github.testCase.GetRepo" name="checkStatusLine" time="0.001"/>
  <testcase classname="com.github.testCase.GetRepo" name="checkContentType" time="0.002">
    <failure type="java.lang.AssertionError" message="Content type did not match">
      <![CDATA[java.lang.AssertionError: Content type did not match
at com.github.utils.AssertionUtils.assertForString(AssertionUtils.java:15)
at com.github.testCase.GetRepo.checkContentType(GetRepo.java:49)
... Removed 26 stack frames]]>
    </failure>
  </testcase> <!-- checkContentType -->
  <testcase classname="com.github.testCase.GetRepo" name="checkResponseTime" time="0.003"/>
</testsuite> <!-- GetRepository -->
